
> vibe-generated-app@1.0.0 dev
> vite


  VITE v5.4.20  ready in 331 ms

  ➜  Local:   http://localhost:3000/
  ➜  Network: http://172.20.10.147:3000/
3:31:36 PM [vite] Pre-transform error: Transform failed with 1 error:
/home/workspace/src/components/Gallery.jsx:25:89: ERROR: Expected identifier but found "!"
Error:   Failed to scan for dependencies from entries:
  /home/workspace/src/App.jsx
/home/workspace/src/Test.jsx
/home/workspace/src/main.jsx
/home/workspace/src/components/Booking.jsx
/home/workspace/src/components/Features.jsx
/home/workspace/src/components/Gallery.jsx
/home/workspace/src/components/Hero.jsx
/home/workspace/src/components/Navbar.jsx

  [31m✘ [41;31m[[41;97mERROR[41;31m][0m [1mExpected identifier but found "!"[0m

    src/components/Gallery.jsx:25:89:
[37m      25 │ ...2 lg:columns-3 [column-fill:_balance]"><[32m![37m-- masonary like grid -->
         ╵                                            [32m^[0m


    at failureErrorWithLog (/home/workspace/node_modules/esbuild/lib/main.js:1472:15)
    at /home/workspace/node_modules/esbuild/lib/main.js:945:25
    at runOnEndCallbacks (/home/workspace/node_modules/esbuild/lib/main.js:1315:45)
    at buildResponseToResult (/home/workspace/node_modules/esbuild/lib/main.js:943:7)
    at /home/workspace/node_modules/esbuild/lib/main.js:955:9
    at new Promise (<anonymous>)
    at requestCallbacks.on-end (/home/workspace/node_modules/esbuild/lib/main.js:954:54)
    at handleRequest (/home/workspace/node_modules/esbuild/lib/main.js:647:17)
    at handleIncomingPacket (/home/workspace/node_modules/esbuild/lib/main.js:672:7)
    at Socket.readFromStdout (/home/workspace/node_modules/esbuild/lib/main.js:600:7)
